1711060880417	geckodriver	INFO	Listening on 127.0.0.1:53389
1711060880571	mozrunner::runner	INFO	Running command: MOZ_CRASHREPORTER="1" MOZ_CRASHREPORTER_NO_REPORT="1" MOZ_CRASHREPORTER_SHUTDOWN="1" MOZ_NO_REMOTE="1" "/usr ... te" "--remote-debugging-port" "52949" "--remote-allow-hosts" "localhost" "-no-remote" "-profile" "/tmp/rust_mozprofileTlzB6e"
1711060886573	Marionette	INFO	Marionette enabled
1711060886602	Marionette	INFO	Listening on port 38361
WebDriver BiDi listening on ws://localhost:52949
Read port: 38361
Read port: 38361
1711060888467	RemoteAgent	WARN	TLS certificate errors will be ignored for this session
console.warn: SearchSettings: "get: No settings file exists, new profile?" (new NotFoundError("Could not open the file at /tmp/rust_mozprofileTlzB6e/search.json.mozlz4", (void 0)))
Missing chrome or resource URL: resource://gre/modules/UpdateListener.jsm
Missing chrome or resource URL: resource://gre/modules/UpdateListener.sys.mjs
DevTools listening on ws://localhost:52949/devtools/browser/7ccb3edb-4b55-46dd-a725-9419b4375a77
1711060928080	geckodriver	INFO	Listening on 127.0.0.1:40709
1711060928213	mozrunner::runner	INFO	Running command: MOZ_CRASHREPORTER="1" MOZ_CRASHREPORTER_NO_REPORT="1" MOZ_CRASHREPORTER_SHUTDOWN="1" MOZ_NO_REMOTE="1" "/usr ... te" "--remote-debugging-port" "58363" "--remote-allow-hosts" "localhost" "-no-remote" "-profile" "/tmp/rust_mozprofileqrsT5o"
Missing chrome or resource URL: resource://gre/modules/UpdateListener.jsm
Missing chrome or resource URL: resource://gre/modules/UpdateListener.sys.mjs
console.error: "Error during quit-application-granted: [Exception... \"File error: Not found\"  nsresult: \"0x80520012 (NS_ERROR_FILE_NOT_FOUND)\"  location: \"JS frame :: resource:///modules/BrowserGlue.jsm :: _onQuitApplicationGranted/tasks< :: line 1996\"  data: no]"
1711060940919	Marionette	INFO	Stopped listening on port 38361
JavaScript error: resource://gre/modules/CrashManager.jsm, line 906: AbortError: IOUtils: Shutting down and refusing additional I/O tasks
1711061066097	geckodriver	INFO	Listening on 127.0.0.1:44417
1711061066227	mozrunner::runner	INFO	Running command: MOZ_CRASHREPORTER="1" MOZ_CRASHREPORTER_NO_REPORT="1" MOZ_CRASHREPORTER_SHUTDOWN="1" MOZ_NO_REMOTE="1" "/usr ... te" "--remote-debugging-port" "53403" "--remote-allow-hosts" "localhost" "-no-remote" "-profile" "/tmp/rust_mozprofileczngvJ"
1711061068859	Marionette	INFO	Marionette enabled
1711061068879	Marionette	INFO	Listening on port 37153
WebDriver BiDi listening on ws://localhost:53403
Read port: 37153
1711061069743	RemoteAgent	WARN	TLS certificate errors will be ignored for this session
console.warn: SearchSettings: "get: No settings file exists, new profile?" (new NotFoundError("Could not open the file at /tmp/rust_mozprofileczngvJ/search.json.mozlz4", (void 0)))
Missing chrome or resource URL: resource://gre/modules/UpdateListener.jsm
Missing chrome or resource URL: resource://gre/modules/UpdateListener.sys.mjs
DevTools listening on ws://localhost:53403/devtools/browser/0399acd6-767d-4ed8-920e-190679a2f434
1711061956798	geckodriver	INFO	Listening on 127.0.0.1:53663
1711061956937	mozrunner::runner	INFO	Running command: MOZ_CRASHREPORTER="1" MOZ_CRASHREPORTER_NO_REPORT="1" MOZ_CRASHREPORTER_SHUTDOWN="1" MOZ_NO_REMOTE="1" "/usr ... te" "--remote-debugging-port" "51885" "--remote-allow-hosts" "localhost" "-no-remote" "-profile" "/tmp/rust_mozprofileeFvYzb"
1711061959646	Marionette	INFO	Marionette enabled
1711061959668	Marionette	INFO	Listening on port 33029
WebDriver BiDi listening on ws://localhost:51885
Read port: 33029
1711061960508	RemoteAgent	WARN	TLS certificate errors will be ignored for this session
console.warn: SearchSettings: "get: No settings file exists, new profile?" (new NotFoundError("Could not open the file at /tmp/rust_mozprofileeFvYzb/search.json.mozlz4", (void 0)))
Missing chrome or resource URL: resource://gre/modules/UpdateListener.jsm
Missing chrome or resource URL: resource://gre/modules/UpdateListener.sys.mjs
DevTools listening on ws://localhost:51885/devtools/browser/87c21719-2bce-4d89-a35e-f0a0599c3d04
Missing chrome or resource URL: resource://gre/modules/UpdateListener.jsm
Missing chrome or resource URL: resource://gre/modules/UpdateListener.sys.mjs
console.error: "Error during quit-application-granted: [Exception... \"File error: Not found\"  nsresult: \"0x80520012 (NS_ERROR_FILE_NOT_FOUND)\"  location: \"JS frame :: resource:///modules/BrowserGlue.jsm :: _onQuitApplicationGranted/tasks< :: line 1996\"  data: no]"
1711062134268	Marionette	INFO	Stopped listening on port 33029
1711062136595	geckodriver	INFO	Listening on 127.0.0.1:59037
1711062136799	mozrunner::runner	INFO	Running command: MOZ_CRASHREPORTER="1" MOZ_CRASHREPORTER_NO_REPORT="1" MOZ_CRASHREPORTER_SHUTDOWN="1" MOZ_NO_REMOTE="1" "/usr ... te" "--remote-debugging-port" "48877" "--remote-allow-hosts" "localhost" "-no-remote" "-profile" "/tmp/rust_mozprofilez8XYkn"
1711062139327	Marionette	INFO	Marionette enabled
1711062139347	Marionette	INFO	Listening on port 45557
WebDriver BiDi listening on ws://localhost:48877
Read port: 45557
1711062140226	RemoteAgent	WARN	TLS certificate errors will be ignored for this session
console.warn: SearchSettings: "get: No settings file exists, new profile?" (new NotFoundError("Could not open the file at /tmp/rust_mozprofilez8XYkn/search.json.mozlz4", (void 0)))
Missing chrome or resource URL: resource://gre/modules/UpdateListener.jsm
Missing chrome or resource URL: resource://gre/modules/UpdateListener.sys.mjs
DevTools listening on ws://localhost:48877/devtools/browser/fccd6c17-8d11-48a4-ac51-72ed1b9986e8
Missing chrome or resource URL: resource://gre/modules/UpdateListener.jsm
Missing chrome or resource URL: resource://gre/modules/UpdateListener.sys.mjs
console.error: "Error during quit-application-granted: [Exception... \"File error: Not found\"  nsresult: \"0x80520012 (NS_ERROR_FILE_NOT_FOUND)\"  location: \"JS frame :: resource:///modules/BrowserGlue.jsm :: _onQuitApplicationGranted/tasks< :: line 1996\"  data: no]"
1711062191401	Marionette	INFO	Stopped listening on port 45557
1711062195079	geckodriver	INFO	Listening on 127.0.0.1:51937
1711062195212	mozrunner::runner	INFO	Running command: MOZ_CRASHREPORTER="1" MOZ_CRASHREPORTER_NO_REPORT="1" MOZ_CRASHREPORTER_SHUTDOWN="1" MOZ_NO_REMOTE="1" "/usr ... ss" "--remote-debugging-port" "35347" "--remote-allow-hosts" "localhost" "-no-remote" "-profile" "/tmp/rust_mozprofileFEuAx7"
*** You are running in headless mode.
1711062196815	Marionette	INFO	Marionette enabled
1711062196835	Marionette	INFO	Listening on port 41041
WebDriver BiDi listening on ws://localhost:35347
Read port: 41041
1711062197637	RemoteAgent	WARN	TLS certificate errors will be ignored for this session
[GFX1-]: RenderCompositorSWGL failed mapping default framebuffer, no dt
console.warn: SearchSettings: "get: No settings file exists, new profile?" (new NotFoundError("Could not open the file at /tmp/rust_mozprofileFEuAx7/search.json.mozlz4", (void 0)))
Missing chrome or resource URL: resource://gre/modules/UpdateListener.jsm
Missing chrome or resource URL: resource://gre/modules/UpdateListener.sys.mjs
DevTools listening on ws://localhost:35347/devtools/browser/0de068c3-ab2e-4a49-80e4-55d152f6b161
1711062832118	geckodriver	INFO	Listening on 127.0.0.1:42479
1711062832730	mozrunner::runner	INFO	Running command: MOZ_CRASHREPORTER="1" MOZ_CRASHREPORTER_NO_REPORT="1" MOZ_CRASHREPORTER_SHUTDOWN="1" MOZ_NO_REMOTE="1" "/usr ... ss" "--remote-debugging-port" "48941" "--remote-allow-hosts" "localhost" "-no-remote" "-profile" "/tmp/rust_mozprofilezsmUeJ"
*** You are running in headless mode.
1711062834447	Marionette	INFO	Marionette enabled
1711062834472	Marionette	INFO	Listening on port 40769
WebDriver BiDi listening on ws://localhost:48941
Read port: 40769
1711062835417	RemoteAgent	WARN	TLS certificate errors will be ignored for this session
[GFX1-]: RenderCompositorSWGL failed mapping default framebuffer, no dt
console.warn: SearchSettings: "get: No settings file exists, new profile?" (new NotFoundError("Could not open the file at /tmp/rust_mozprofilezsmUeJ/search.json.mozlz4", (void 0)))
Missing chrome or resource URL: resource://gre/modules/UpdateListener.jsm
Missing chrome or resource URL: resource://gre/modules/UpdateListener.sys.mjs
DevTools listening on ws://localhost:48941/devtools/browser/024da2a9-35a9-4c5f-b2c9-58fd5713b5e0
Exiting due to channel error.
Exiting due to channel error.
Exiting due to channel error.
Exiting due to channel error.
Exiting due to channel error.
1711062986942	geckodriver	INFO	Listening on 127.0.0.1:39635
1711062987097	mozrunner::runner	INFO	Running command: MOZ_CRASHREPORTER="1" MOZ_CRASHREPORTER_NO_REPORT="1" MOZ_CRASHREPORTER_SHUTDOWN="1" MOZ_NO_REMOTE="1" "/usr ... ss" "--remote-debugging-port" "55805" "--remote-allow-hosts" "localhost" "-no-remote" "-profile" "/tmp/rust_mozprofileBkFwuk"
*** You are running in headless mode.
1711062988828	Marionette	INFO	Marionette enabled
1711062988850	Marionette	INFO	Listening on port 44045
WebDriver BiDi listening on ws://localhost:55805
Read port: 44045
1711062989658	RemoteAgent	WARN	TLS certificate errors will be ignored for this session
[GFX1-]: RenderCompositorSWGL failed mapping default framebuffer, no dt
console.warn: SearchSettings: "get: No settings file exists, new profile?" (new NotFoundError("Could not open the file at /tmp/rust_mozprofileBkFwuk/search.json.mozlz4", (void 0)))
Missing chrome or resource URL: resource://gre/modules/UpdateListener.jsm
Missing chrome or resource URL: resource://gre/modules/UpdateListener.sys.mjs
DevTools listening on ws://localhost:55805/devtools/browser/b43706bb-907b-4151-b77a-7720e1254ab9
Exiting due to channel error.
Exiting due to channel error.
Exiting due to channel error.
Exiting due to channel error.
Exiting due to channel error.
1711063096854	geckodriver	INFO	Listening on 127.0.0.1:52311
1711063097000	mozrunner::runner	INFO	Running command: MOZ_CRASHREPORTER="1" MOZ_CRASHREPORTER_NO_REPORT="1" MOZ_CRASHREPORTER_SHUTDOWN="1" MOZ_NO_REMOTE="1" "/usr ... ss" "--remote-debugging-port" "49587" "--remote-allow-hosts" "localhost" "-no-remote" "-profile" "/tmp/rust_mozprofileHsLSPK"
*** You are running in headless mode.
1711063098727	Marionette	INFO	Marionette enabled
1711063098748	Marionette	INFO	Listening on port 44827
WebDriver BiDi listening on ws://localhost:49587
Read port: 44827
1711063099554	RemoteAgent	WARN	TLS certificate errors will be ignored for this session
[GFX1-]: RenderCompositorSWGL failed mapping default framebuffer, no dt
console.warn: SearchSettings: "get: No settings file exists, new profile?" (new NotFoundError("Could not open the file at /tmp/rust_mozprofileHsLSPK/search.json.mozlz4", (void 0)))
Missing chrome or resource URL: resource://gre/modules/UpdateListener.jsm
Missing chrome or resource URL: resource://gre/modules/UpdateListener.sys.mjs
DevTools listening on ws://localhost:49587/devtools/browser/d0bf5664-962d-4d7f-bfdb-4a8e9bf1f09a
1711063157590	geckodriver	INFO	Listening on 127.0.0.1:46637
1711063157766	mozrunner::runner	INFO	Running command: MOZ_CRASHREPORTER="1" MOZ_CRASHREPORTER_NO_REPORT="1" MOZ_CRASHREPORTER_SHUTDOWN="1" MOZ_NO_REMOTE="1" "/usr ... ss" "--remote-debugging-port" "47515" "--remote-allow-hosts" "localhost" "-no-remote" "-profile" "/tmp/rust_mozprofileRzAaSS"
*** You are running in headless mode.
1711063160238	Marionette	INFO	Marionette enabled
1711063160262	Marionette	INFO	Listening on port 40033
Read port: 40033
WebDriver BiDi listening on ws://localhost:47515
1711063161222	RemoteAgent	WARN	TLS certificate errors will be ignored for this session
[GFX1-]: RenderCompositorSWGL failed mapping default framebuffer, no dt
console.warn: SearchSettings: "get: No settings file exists, new profile?" (new NotFoundError("Could not open the file at /tmp/rust_mozprofileRzAaSS/search.json.mozlz4", (void 0)))
Missing chrome or resource URL: resource://gre/modules/UpdateListener.jsm
Missing chrome or resource URL: resource://gre/modules/UpdateListener.sys.mjs
DevTools listening on ws://localhost:47515/devtools/browser/5b28cee5-e157-4c92-a63d-0e68f43f479f
1711063216070	geckodriver	INFO	Listening on 127.0.0.1:42331
1711063216243	mozrunner::runner	INFO	Running command: MOZ_CRASHREPORTER="1" MOZ_CRASHREPORTER_NO_REPORT="1" MOZ_CRASHREPORTER_SHUTDOWN="1" MOZ_NO_REMOTE="1" "/usr ... ss" "--remote-debugging-port" "54683" "--remote-allow-hosts" "localhost" "-no-remote" "-profile" "/tmp/rust_mozprofilemd9umB"
*** You are running in headless mode.
1711063218333	Marionette	INFO	Marionette enabled
1711063218357	Marionette	INFO	Listening on port 42751
WebDriver BiDi listening on ws://localhost:54683
Read port: 42751
1711063219191	RemoteAgent	WARN	TLS certificate errors will be ignored for this session
[GFX1-]: RenderCompositorSWGL failed mapping default framebuffer, no dt
console.warn: SearchSettings: "get: No settings file exists, new profile?" (new NotFoundError("Could not open the file at /tmp/rust_mozprofilemd9umB/search.json.mozlz4", (void 0)))
Missing chrome or resource URL: resource://gre/modules/UpdateListener.jsm
Missing chrome or resource URL: resource://gre/modules/UpdateListener.sys.mjs
DevTools listening on ws://localhost:54683/devtools/browser/90b76634-5d35-44b3-8b37-a2e86cdc4805
1711063284311	geckodriver	INFO	Listening on 127.0.0.1:60589
1711063284581	mozrunner::runner	INFO	Running command: MOZ_CRASHREPORTER="1" MOZ_CRASHREPORTER_NO_REPORT="1" MOZ_CRASHREPORTER_SHUTDOWN="1" MOZ_NO_REMOTE="1" "/usr ... ss" "--remote-debugging-port" "36485" "--remote-allow-hosts" "localhost" "-no-remote" "-profile" "/tmp/rust_mozprofile1iGLwo"
*** You are running in headless mode.
1711063287150	Marionette	INFO	Marionette enabled
1711063287174	Marionette	INFO	Listening on port 45435
Read port: 45435
WebDriver BiDi listening on ws://localhost:36485
1711063288069	RemoteAgent	WARN	TLS certificate errors will be ignored for this session
[GFX1-]: RenderCompositorSWGL failed mapping default framebuffer, no dt
console.warn: SearchSettings: "get: No settings file exists, new profile?" (new NotFoundError("Could not open the file at /tmp/rust_mozprofile1iGLwo/search.json.mozlz4", (void 0)))
Missing chrome or resource URL: resource://gre/modules/UpdateListener.jsm
Missing chrome or resource URL: resource://gre/modules/UpdateListener.sys.mjs
DevTools listening on ws://localhost:36485/devtools/browser/b2eea464-07c3-487f-bdd4-7613a399ba70
Exiting due to channel error.
Exiting due to channel error.
Exiting due to channel error.
Exiting due to channel error.
Exiting due to channel error.
1711064095791	geckodriver	INFO	Listening on 127.0.0.1:44961
1711064096380	mozrunner::runner	INFO	Running command: MOZ_CRASHREPORTER="1" MOZ_CRASHREPORTER_NO_REPORT="1" MOZ_CRASHREPORTER_SHUTDOWN="1" MOZ_NO_REMOTE="1" "/usr ... ss" "--remote-debugging-port" "35019" "--remote-allow-hosts" "localhost" "-no-remote" "-profile" "/tmp/rust_mozprofilebEuLtt"
*** You are running in headless mode.
JavaScript error: resource://gre/modules/AddonManager.jsm, line 1405: NS_ERROR_NOT_INITIALIZED: AddonManager is not initialized
1711064098345	Marionette	INFO	Marionette enabled
1711064098373	Marionette	INFO	Listening on port 45665
Read port: 45665
WebDriver BiDi listening on ws://localhost:35019
JavaScript error: , line 0: uncaught exception: startup failed
Read port: 45665
1711064099654	RemoteAgent	WARN	TLS certificate errors will be ignored for this session
[GFX1-]: RenderCompositorSWGL failed mapping default framebuffer, no dt
console.warn: SearchSettings: "get: No settings file exists, new profile?" (new NotFoundError("Could not open the file at /tmp/rust_mozprofilebEuLtt/search.json.mozlz4", (void 0)))
JavaScript error: resource://gre/modules/AddonManager.jsm, line 2702: NS_ERROR_NOT_INITIALIZED: AddonManager is not initialized
JavaScript error: resource://gre/modules/AddonManager.jsm, line 3482: TypeError: AddonManagerInternal._getProviderByName(...) is undefined
console.error: SearchService: "_init: failure initializing search:" "startup failed"
JavaScript error: , line 0: uncaught exception: 2147500037
JavaScript error: , line 0: uncaught exception: 2147500037
JavaScript error: , line 0: uncaught exception: 2147500037
JavaScript error: resource://gre/modules/SearchService.jsm, line 196: NS_ERROR_FAILURE: SearchService previously failed to initialize
JavaScript error: , line 0: uncaught exception: 2147500037
console.error: SearchSettings: "_write: Could not write to settings file:" (new Error("cannot write without any engine.", "resource://gre/modules/SearchSettings.jsm", 216))
console.warn: SearchSettings: "get: No settings file exists, new profile?" (new NotFoundError("Could not open the file at /tmp/rust_mozprofilebEuLtt/search.json.mozlz4", (void 0)))
console.warn: SearchService: "Could not load engine google@search.mozilla.org: [Exception... \"AddonManager is not initialized\"  nsresult: \"0xc1f30001 (NS_ERROR_NOT_INITIALIZED)\"  location: \"JS frame :: resource://gre/modules/AddonManager.jsm :: installBuiltinAddon :: line 2491\"  data: no]"
console.warn: SearchService: "Could not load engine amazondotcom@search.mozilla.org: [Exception... \"AddonManager is not initialized\"  nsresult: \"0xc1f30001 (NS_ERROR_NOT_INITIALIZED)\"  location: \"JS frame :: resource://gre/modules/AddonManager.jsm :: installBuiltinAddon :: line 2491\"  data: no]"
console.warn: SearchService: "Could not load engine wikipedia@search.mozilla.org: [Exception... \"AddonManager is not initialized\"  nsresult: \"0xc1f30001 (NS_ERROR_NOT_INITIALIZED)\"  location: \"JS frame :: resource://gre/modules/AddonManager.jsm :: installBuiltinAddon :: line 2491\"  data: no]"
console.warn: SearchService: "Could not load engine bing@search.mozilla.org: [Exception... \"AddonManager is not initialized\"  nsresult: \"0xc1f30001 (NS_ERROR_NOT_INITIALIZED)\"  location: \"JS frame :: resource://gre/modules/AddonManager.jsm :: installBuiltinAddon :: line 2491\"  data: no]"
console.warn: SearchService: "Could not load engine ddg@search.mozilla.org: [Exception... \"AddonManager is not initialized\"  nsresult: \"0xc1f30001 (NS_ERROR_NOT_INITIALIZED)\"  location: \"JS frame :: resource://gre/modules/AddonManager.jsm :: installBuiltinAddon :: line 2491\"  data: no]"
DevTools listening on ws://localhost:35019/devtools/browser/db2ca6d8-729b-40fb-ba81-1beda00084aa
JavaScript error: , line 0: uncaught exception: 2147500037
console.error: SearchSettings: "_write: Could not write to settings file:" (new Error("cannot write without any engine.", "resource://gre/modules/SearchSettings.jsm", 216))
Exiting due to channel error.
Exiting due to channel error.
Exiting due to channel error.
Exiting due to channel error.
1711064294616	geckodriver	INFO	Listening on 127.0.0.1:52985
1711064294887	mozrunner::runner	INFO	Running command: MOZ_CRASHREPORTER="1" MOZ_CRASHREPORTER_NO_REPORT="1" MOZ_CRASHREPORTER_SHUTDOWN="1" MOZ_NO_REMOTE="1" "/usr ... ss" "--remote-debugging-port" "59217" "--remote-allow-hosts" "localhost" "-no-remote" "-profile" "/tmp/rust_mozprofileiejcVg"
*** You are running in headless mode.
1711064297140	Marionette	INFO	Marionette enabled
1711064297164	Marionette	INFO	Listening on port 37341
WebDriver BiDi listening on ws://localhost:59217
Read port: 37341
1711064298058	RemoteAgent	WARN	TLS certificate errors will be ignored for this session
[GFX1-]: RenderCompositorSWGL failed mapping default framebuffer, no dt
console.warn: SearchSettings: "get: No settings file exists, new profile?" (new NotFoundError("Could not open the file at /tmp/rust_mozprofileiejcVg/search.json.mozlz4", (void 0)))
Missing chrome or resource URL: resource://gre/modules/UpdateListener.jsm
Missing chrome or resource URL: resource://gre/modules/UpdateListener.sys.mjs
DevTools listening on ws://localhost:59217/devtools/browser/6d1475bc-3d21-49c3-8aae-64c20b082c88
1711064543849	geckodriver	INFO	Listening on 127.0.0.1:54293
1711064544488	mozrunner::runner	INFO	Running command: MOZ_CRASHREPORTER="1" MOZ_CRASHREPORTER_NO_REPORT="1" MOZ_CRASHREPORTER_SHUTDOWN="1" MOZ_NO_REMOTE="1" "/usr ... ss" "--remote-debugging-port" "60089" "--remote-allow-hosts" "localhost" "-no-remote" "-profile" "/tmp/rust_mozprofilelNLK2w"
*** You are running in headless mode.
1711064547950	Marionette	INFO	Marionette enabled
1711064547974	Marionette	INFO	Listening on port 45697
Read port: 45697
WebDriver BiDi listening on ws://localhost:60089
1711064548922	RemoteAgent	WARN	TLS certificate errors will be ignored for this session
[GFX1-]: RenderCompositorSWGL failed mapping default framebuffer, no dt
console.warn: SearchSettings: "get: No settings file exists, new profile?" (new NotFoundError("Could not open the file at /tmp/rust_mozprofilelNLK2w/search.json.mozlz4", (void 0)))
Missing chrome or resource URL: resource://gre/modules/UpdateListener.jsm
Missing chrome or resource URL: resource://gre/modules/UpdateListener.sys.mjs
DevTools listening on ws://localhost:60089/devtools/browser/5de14283-ed21-42db-aaf1-f315b12797c9
1711064801520	geckodriver	INFO	Listening on 127.0.0.1:47865
1711064802183	mozrunner::runner	INFO	Running command: MOZ_CRASHREPORTER="1" MOZ_CRASHREPORTER_NO_REPORT="1" MOZ_CRASHREPORTER_SHUTDOWN="1" MOZ_NO_REMOTE="1" "/usr ... ss" "--remote-debugging-port" "39329" "--remote-allow-hosts" "localhost" "-no-remote" "-profile" "/tmp/rust_mozprofileRwHkod"
*** You are running in headless mode.
1711064805815	Marionette	INFO	Marionette enabled
1711064805843	Marionette	INFO	Listening on port 43425
WebDriver BiDi listening on ws://localhost:39329
Read port: 43425
Read port: 43425
1711064809379	RemoteAgent	WARN	TLS certificate errors will be ignored for this session
[GFX1-]: RenderCompositorSWGL failed mapping default framebuffer, no dt
console.warn: SearchSettings: "get: No settings file exists, new profile?" (new NotFoundError("Could not open the file at /tmp/rust_mozprofileRwHkod/search.json.mozlz4", (void 0)))
Missing chrome or resource URL: resource://gre/modules/UpdateListener.jsm
Missing chrome or resource URL: resource://gre/modules/UpdateListener.sys.mjs
DevTools listening on ws://localhost:39329/devtools/browser/5db7b53e-fb05-4ffc-9104-ab35819ce660
1711065256773	geckodriver	INFO	Listening on 127.0.0.1:57577
1711065258209	mozrunner::runner	INFO	Running command: MOZ_CRASHREPORTER="1" MOZ_CRASHREPORTER_NO_REPORT="1" MOZ_CRASHREPORTER_SHUTDOWN="1" MOZ_NO_REMOTE="1" "/usr ... ss" "--remote-debugging-port" "40329" "--remote-allow-hosts" "localhost" "-no-remote" "-profile" "/tmp/rust_mozprofileEZKdaS"
*** You are running in headless mode.
1711065263123	Marionette	INFO	Marionette enabled
1711065263149	Marionette	INFO	Listening on port 39633
WebDriver BiDi listening on ws://localhost:40329
Read port: 39633
1711065264334	RemoteAgent	WARN	TLS certificate errors will be ignored for this session
[GFX1-]: RenderCompositorSWGL failed mapping default framebuffer, no dt
console.warn: SearchSettings: "get: No settings file exists, new profile?" (new NotFoundError("Could not open the file at /tmp/rust_mozprofileEZKdaS/search.json.mozlz4", (void 0)))
Missing chrome or resource URL: resource://gre/modules/UpdateListener.jsm
Missing chrome or resource URL: resource://gre/modules/UpdateListener.sys.mjs
DevTools listening on ws://localhost:40329/devtools/browser/17c9a900-dade-4715-b612-4d37df279883
Exiting due to channel error.
Exiting due to channel error.
Exiting due to channel error.
Exiting due to channel error.
Exiting due to channel error.
